2024-05-19T11:02:07.701-05:00  INFO 67832 --- [ecom] [restartedMain] com.example.ecom.EcomApplication         : Starting EcomApplication using Java 17.0.7 with PID 67832 (/Users/gautamjaganatha/Documents/E-Commerce Project/Backend/ecom-backend/target/classes started by gautamjaganatha in /Users/gautamjaganatha/Documents/E-Commerce Project/Backend/ecom-backend)
2024-05-19T11:02:07.716-05:00 DEBUG 67832 --- [ecom] [restartedMain] com.example.ecom.EcomApplication         : Running with Spring Boot v3.2.5, Spring v6.1.6
2024-05-19T11:02:07.716-05:00  INFO 67832 --- [ecom] [restartedMain] com.example.ecom.EcomApplication         : No active profile set, falling back to 1 default profile: "default"
2024-05-19T11:02:07.768-05:00  INFO 67832 --- [ecom] [restartedMain] .e.DevToolsPropertyDefaultsPostProcessor : Devtools property defaults active! Set 'spring.devtools.add-properties' to 'false' to disable
2024-05-19T11:02:07.768-05:00  INFO 67832 --- [ecom] [restartedMain] .e.DevToolsPropertyDefaultsPostProcessor : For additional web related logging consider setting the 'logging.level.web' property to 'DEBUG'
2024-05-19T11:02:08.246-05:00  INFO 67832 --- [ecom] [restartedMain] .s.d.r.c.RepositoryConfigurationDelegate : Bootstrapping Spring Data JPA repositories in DEFAULT mode.
2024-05-19T11:02:08.283-05:00  INFO 67832 --- [ecom] [restartedMain] .s.d.r.c.RepositoryConfigurationDelegate : Finished Spring Data repository scanning in 33 ms. Found 9 JPA repository interfaces.
2024-05-19T11:02:08.701-05:00  INFO 67832 --- [ecom] [restartedMain] o.s.b.w.embedded.tomcat.TomcatWebServer  : Tomcat initialized with port 6061 (http)
2024-05-19T11:02:08.706-05:00  INFO 67832 --- [ecom] [restartedMain] o.apache.catalina.core.StandardService   : Starting service [Tomcat]
2024-05-19T11:02:08.706-05:00  INFO 67832 --- [ecom] [restartedMain] o.apache.catalina.core.StandardEngine    : Starting Servlet engine: [Apache Tomcat/10.1.20]
2024-05-19T11:02:08.726-05:00  INFO 67832 --- [ecom] [restartedMain] o.a.c.c.C.[Tomcat].[localhost].[/]       : Initializing Spring embedded WebApplicationContext
2024-05-19T11:02:08.726-05:00  INFO 67832 --- [ecom] [restartedMain] w.s.c.ServletWebServerApplicationContext : Root WebApplicationContext: initialization completed in 958 ms
2024-05-19T11:02:08.783-05:00  INFO 67832 --- [ecom] [restartedMain] o.hibernate.jpa.internal.util.LogHelper  : HHH000204: Processing PersistenceUnitInfo [name: default]
2024-05-19T11:02:08.807-05:00  INFO 67832 --- [ecom] [restartedMain] org.hibernate.Version                    : HHH000412: Hibernate ORM core version 6.4.4.Final
2024-05-19T11:02:08.821-05:00  INFO 67832 --- [ecom] [restartedMain] o.h.c.internal.RegionFactoryInitiator    : HHH000026: Second-level cache disabled
2024-05-19T11:02:08.923-05:00  INFO 67832 --- [ecom] [restartedMain] o.s.o.j.p.SpringPersistenceUnitInfo      : No LoadTimeWeaver setup: ignoring JPA class transformer
2024-05-19T11:02:08.935-05:00  INFO 67832 --- [ecom] [restartedMain] com.zaxxer.hikari.HikariDataSource       : HikariPool-1 - Starting...
2024-05-19T11:02:09.164-05:00  INFO 67832 --- [ecom] [restartedMain] com.zaxxer.hikari.pool.HikariPool        : HikariPool-1 - Added connection com.mysql.cj.jdbc.ConnectionImpl@583e5dbc
2024-05-19T11:02:09.165-05:00  INFO 67832 --- [ecom] [restartedMain] com.zaxxer.hikari.HikariDataSource       : HikariPool-1 - Start completed.
2024-05-19T11:02:09.214-05:00  WARN 67832 --- [ecom] [restartedMain] org.hibernate.orm.deprecation            : HHH90000025: MySQLDialect does not need to be specified explicitly using 'hibernate.dialect' (remove the property setting and it will be selected by default)
2024-05-19T11:02:09.221-05:00 DEBUG 67832 --- [ecom] [restartedMain] o.h.t.d.sql.spi.DdlTypeRegistry          : addDescriptor(12, org.hibernate.type.descriptor.sql.internal.CapacityDependentDdlType@64558339) replaced previous registration(org.hibernate.type.descriptor.sql.internal.CapacityDependentDdlType@4aafbe8c)
2024-05-19T11:02:09.221-05:00 DEBUG 67832 --- [ecom] [restartedMain] o.h.t.d.sql.spi.DdlTypeRegistry          : addDescriptor(-9, org.hibernate.type.descriptor.sql.internal.CapacityDependentDdlType@14de0dc7) replaced previous registration(org.hibernate.type.descriptor.sql.internal.CapacityDependentDdlType@600d6c64)
2024-05-19T11:02:09.221-05:00 DEBUG 67832 --- [ecom] [restartedMain] o.h.t.d.sql.spi.DdlTypeRegistry          : addDescriptor(-3, org.hibernate.type.descriptor.sql.internal.CapacityDependentDdlType@28896717) replaced previous registration(org.hibernate.type.descriptor.sql.internal.CapacityDependentDdlType@1fe5f754)
2024-05-19T11:02:09.222-05:00 DEBUG 67832 --- [ecom] [restartedMain] o.h.t.d.sql.spi.DdlTypeRegistry          : addDescriptor(4003, org.hibernate.type.descriptor.sql.internal.DdlTypeImpl@7b31615a) replaced previous registration(org.hibernate.type.descriptor.sql.internal.DdlTypeImpl@70545c14)
2024-05-19T11:02:09.222-05:00 DEBUG 67832 --- [ecom] [restartedMain] o.h.t.d.sql.spi.DdlTypeRegistry          : addDescriptor(4001, org.hibernate.type.descriptor.sql.internal.DdlTypeImpl@13062cd6) replaced previous registration(org.hibernate.type.descriptor.sql.internal.DdlTypeImpl@23e926b5)
2024-05-19T11:02:09.222-05:00 DEBUG 67832 --- [ecom] [restartedMain] o.h.t.d.sql.spi.DdlTypeRegistry          : addDescriptor(4002, org.hibernate.type.descriptor.sql.internal.DdlTypeImpl@53a2b823) replaced previous registration(org.hibernate.type.descriptor.sql.internal.DdlTypeImpl@144eabf)
2024-05-19T11:02:09.222-05:00 DEBUG 67832 --- [ecom] [restartedMain] o.h.t.d.sql.spi.DdlTypeRegistry          : addDescriptor(2004, org.hibernate.type.descriptor.sql.internal.CapacityDependentDdlType@230606dd) replaced previous registration(org.hibernate.type.descriptor.sql.internal.DdlTypeImpl@49304086)
2024-05-19T11:02:09.222-05:00 DEBUG 67832 --- [ecom] [restartedMain] o.h.t.d.sql.spi.DdlTypeRegistry          : addDescriptor(2005, org.hibernate.type.descriptor.sql.internal.CapacityDependentDdlType@f958a23) replaced previous registration(org.hibernate.type.descriptor.sql.internal.DdlTypeImpl@2922987c)
2024-05-19T11:02:09.222-05:00 DEBUG 67832 --- [ecom] [restartedMain] o.h.t.d.sql.spi.DdlTypeRegistry          : addDescriptor(2011, org.hibernate.type.descriptor.sql.internal.CapacityDependentDdlType@3a81436b) replaced previous registration(org.hibernate.type.descriptor.sql.internal.DdlTypeImpl@717e10cd)
2024-05-19T11:02:09.628-05:00  INFO 67832 --- [ecom] [restartedMain] o.h.e.t.j.p.i.JtaPlatformInitiator       : HHH000489: No JTA platform available (set 'hibernate.transaction.jta.platform' to enable JTA platform integration)
2024-05-19T11:02:09.817-05:00  INFO 67832 --- [ecom] [restartedMain] j.LocalContainerEntityManagerFactoryBean : Initialized JPA EntityManagerFactory for persistence unit 'default'
2024-05-19T11:02:10.026-05:00 DEBUG 67832 --- [ecom] [restartedMain] c.example.ecom.filters.JwtRequestFilter  : Filter 'jwtRequestFilter' configured for use
2024-05-19T11:02:10.143-05:00 DEBUG 67832 --- [ecom] [restartedMain] org.hibernate.SQL                        : select u1_0.id,u1_0.email,u1_0.img,u1_0.name,u1_0.password,u1_0.role from users u1_0 where u1_0.role=?
2024-05-19T11:02:10.194-05:00  WARN 67832 --- [ecom] [restartedMain] JpaBaseConfiguration$JpaWebConfiguration : spring.jpa.open-in-view is enabled by default. Therefore, database queries may be performed during view rendering. Explicitly configure spring.jpa.open-in-view to disable this warning
2024-05-19T11:02:10.333-05:00  INFO 67832 --- [ecom] [restartedMain] o.s.s.web.DefaultSecurityFilterChain     : Will secure any request with [org.springframework.security.web.session.DisableEncodeUrlFilter@64be1ee, org.springframework.security.web.context.request.async.WebAsyncManagerIntegrationFilter@3c722f28, org.springframework.security.web.context.SecurityContextHolderFilter@20ab91cd, org.springframework.security.web.header.HeaderWriterFilter@334e6727, org.springframework.web.filter.CorsFilter@68798178, org.springframework.security.web.authentication.logout.LogoutFilter@de82e39, com.example.ecom.filters.JwtRequestFilter@2d193ebc, org.springframework.security.web.savedrequest.RequestCacheAwareFilter@37a3b6ea, org.springframework.security.web.servletapi.SecurityContextHolderAwareRequestFilter@7ca5be3e, org.springframework.security.web.authentication.AnonymousAuthenticationFilter@4b1ecb9f, org.springframework.security.web.session.SessionManagementFilter@173fe4c6, org.springframework.security.web.access.ExceptionTranslationFilter@6b22e7b4, org.springframework.security.web.access.intercept.AuthorizationFilter@74e9cd52]
2024-05-19T11:02:10.413-05:00  INFO 67832 --- [ecom] [restartedMain] o.s.b.d.a.OptionalLiveReloadServer       : LiveReload server is running on port 35729
2024-05-19T11:02:10.438-05:00  INFO 67832 --- [ecom] [restartedMain] o.s.b.w.embedded.tomcat.TomcatWebServer  : Tomcat started on port 6061 (http) with context path ''
2024-05-19T11:02:10.444-05:00  INFO 67832 --- [ecom] [restartedMain] com.example.ecom.EcomApplication         : Started EcomApplication in 3.164 seconds (process running for 4.036)
2024-05-19T11:03:22.572-05:00  INFO 67832 --- [ecom] [http-nio-6061-exec-1] o.a.c.c.C.[Tomcat].[localhost].[/]       : Initializing Spring DispatcherServlet 'dispatcherServlet'
2024-05-19T11:03:22.574-05:00  INFO 67832 --- [ecom] [http-nio-6061-exec-1] o.s.web.servlet.DispatcherServlet        : Initializing Servlet 'dispatcherServlet'
2024-05-19T11:03:22.583-05:00  INFO 67832 --- [ecom] [http-nio-6061-exec-1] o.s.web.servlet.DispatcherServlet        : Completed initialization in 9 ms
2024-05-19T11:03:22.756-05:00 DEBUG 67832 --- [ecom] [http-nio-6061-exec-2] org.hibernate.SQL                        : select u1_0.id,u1_0.email,u1_0.img,u1_0.name,u1_0.password,u1_0.role from users u1_0 where u1_0.email=? limit ?
2024-05-19T11:03:22.857-05:00 DEBUG 67832 --- [ecom] [http-nio-6061-exec-2] org.hibernate.SQL                        : select u1_0.id,u1_0.email,u1_0.img,u1_0.name,u1_0.password,u1_0.role from users u1_0 where u1_0.email=? limit ?
2024-05-19T11:03:22.861-05:00 DEBUG 67832 --- [ecom] [http-nio-6061-exec-2] org.hibernate.SQL                        : select u1_0.id,u1_0.email,u1_0.img,u1_0.name,u1_0.password,u1_0.role from users u1_0 where u1_0.email=? limit ?
2024-05-19T11:03:22.927-05:00 DEBUG 67832 --- [ecom] [http-nio-6061-exec-4] org.hibernate.SQL                        : select p1_0.id,p1_0.category_id,p1_0.description,p1_0.img,p1_0.name,p1_0.price from product p1_0
2024-05-19T11:03:23.002-05:00 DEBUG 67832 --- [ecom] [http-nio-6061-exec-4] org.hibernate.SQL                        : select c1_0.id,c1_0.description,c1_0.name from category c1_0 where c1_0.id=?
2024-05-19T11:03:23.004-05:00 DEBUG 67832 --- [ecom] [http-nio-6061-exec-4] org.hibernate.SQL                        : select c1_0.id,c1_0.description,c1_0.name from category c1_0 where c1_0.id=?
2024-05-19T11:03:25.951-05:00 DEBUG 67832 --- [ecom] [http-nio-6061-exec-7] org.hibernate.SQL                        : select w1_0.id,w1_0.product_id,w1_0.user_id from wishlist w1_0 join users u1_0 on u1_0.id=w1_0.user_id where u1_0.id=?
2024-05-19T11:03:25.972-05:00 DEBUG 67832 --- [ecom] [http-nio-6061-exec-7] org.hibernate.SQL                        : select p1_0.id,p1_0.category_id,p1_0.description,p1_0.img,p1_0.name,p1_0.price from product p1_0 where p1_0.id=?
2024-05-19T11:09:04.060-05:00  INFO 67832 --- [ecom] [SpringApplicationShutdownHook] j.LocalContainerEntityManagerFactoryBean : Closing JPA EntityManagerFactory for persistence unit 'default'
2024-05-19T11:09:04.100-05:00  INFO 67832 --- [ecom] [SpringApplicationShutdownHook] com.zaxxer.hikari.HikariDataSource       : HikariPool-1 - Shutdown initiated...
2024-05-19T11:09:04.142-05:00  INFO 67832 --- [ecom] [SpringApplicationShutdownHook] com.zaxxer.hikari.HikariDataSource       : HikariPool-1 - Shutdown completed.
2024-05-19T11:09:07.918-05:00  INFO 67976 --- [ecom] [restartedMain] com.example.ecom.EcomApplication         : Starting EcomApplication using Java 17.0.7 with PID 67976 (/Users/gautamjaganatha/Documents/E-Commerce Project/Backend/ecom-backend/target/classes started by gautamjaganatha in /Users/gautamjaganatha/Documents/E-Commerce Project/Backend/ecom-backend)
2024-05-19T11:09:07.919-05:00 DEBUG 67976 --- [ecom] [restartedMain] com.example.ecom.EcomApplication         : Running with Spring Boot v3.2.5, Spring v6.1.6
2024-05-19T11:09:07.919-05:00  INFO 67976 --- [ecom] [restartedMain] com.example.ecom.EcomApplication         : No active profile set, falling back to 1 default profile: "default"
2024-05-19T11:09:07.943-05:00  INFO 67976 --- [ecom] [restartedMain] .e.DevToolsPropertyDefaultsPostProcessor : Devtools property defaults active! Set 'spring.devtools.add-properties' to 'false' to disable
2024-05-19T11:09:07.944-05:00  INFO 67976 --- [ecom] [restartedMain] .e.DevToolsPropertyDefaultsPostProcessor : For additional web related logging consider setting the 'logging.level.web' property to 'DEBUG'
2024-05-19T11:09:08.297-05:00  INFO 67976 --- [ecom] [restartedMain] .s.d.r.c.RepositoryConfigurationDelegate : Bootstrapping Spring Data JPA repositories in DEFAULT mode.
2024-05-19T11:09:08.337-05:00  INFO 67976 --- [ecom] [restartedMain] .s.d.r.c.RepositoryConfigurationDelegate : Finished Spring Data repository scanning in 36 ms. Found 9 JPA repository interfaces.
2024-05-19T11:09:08.782-05:00  INFO 67976 --- [ecom] [restartedMain] o.s.b.w.embedded.tomcat.TomcatWebServer  : Tomcat initialized with port 6061 (http)
2024-05-19T11:09:08.789-05:00  INFO 67976 --- [ecom] [restartedMain] o.apache.catalina.core.StandardService   : Starting service [Tomcat]
2024-05-19T11:09:08.789-05:00  INFO 67976 --- [ecom] [restartedMain] o.apache.catalina.core.StandardEngine    : Starting Servlet engine: [Apache Tomcat/10.1.20]
2024-05-19T11:09:08.811-05:00  INFO 67976 --- [ecom] [restartedMain] o.a.c.c.C.[Tomcat].[localhost].[/]       : Initializing Spring embedded WebApplicationContext
2024-05-19T11:09:08.811-05:00  INFO 67976 --- [ecom] [restartedMain] w.s.c.ServletWebServerApplicationContext : Root WebApplicationContext: initialization completed in 867 ms
2024-05-19T11:09:08.880-05:00  INFO 67976 --- [ecom] [restartedMain] o.hibernate.jpa.internal.util.LogHelper  : HHH000204: Processing PersistenceUnitInfo [name: default]
2024-05-19T11:09:08.905-05:00  INFO 67976 --- [ecom] [restartedMain] org.hibernate.Version                    : HHH000412: Hibernate ORM core version 6.4.4.Final
2024-05-19T11:09:08.918-05:00  INFO 67976 --- [ecom] [restartedMain] o.h.c.internal.RegionFactoryInitiator    : HHH000026: Second-level cache disabled
2024-05-19T11:09:09.048-05:00  INFO 67976 --- [ecom] [restartedMain] o.s.o.j.p.SpringPersistenceUnitInfo      : No LoadTimeWeaver setup: ignoring JPA class transformer
2024-05-19T11:09:09.063-05:00  INFO 67976 --- [ecom] [restartedMain] com.zaxxer.hikari.HikariDataSource       : HikariPool-1 - Starting...
2024-05-19T11:09:09.309-05:00  INFO 67976 --- [ecom] [restartedMain] com.zaxxer.hikari.pool.HikariPool        : HikariPool-1 - Added connection com.mysql.cj.jdbc.ConnectionImpl@6a470349
2024-05-19T11:09:09.310-05:00  INFO 67976 --- [ecom] [restartedMain] com.zaxxer.hikari.HikariDataSource       : HikariPool-1 - Start completed.
2024-05-19T11:09:09.345-05:00  WARN 67976 --- [ecom] [restartedMain] org.hibernate.orm.deprecation            : HHH90000025: MySQLDialect does not need to be specified explicitly using 'hibernate.dialect' (remove the property setting and it will be selected by default)
2024-05-19T11:09:09.352-05:00 DEBUG 67976 --- [ecom] [restartedMain] o.h.t.d.sql.spi.DdlTypeRegistry          : addDescriptor(12, org.hibernate.type.descriptor.sql.internal.CapacityDependentDdlType@526939ff) replaced previous registration(org.hibernate.type.descriptor.sql.internal.CapacityDependentDdlType@5bcd57e8)
2024-05-19T11:09:09.352-05:00 DEBUG 67976 --- [ecom] [restartedMain] o.h.t.d.sql.spi.DdlTypeRegistry          : addDescriptor(-9, org.hibernate.type.descriptor.sql.internal.CapacityDependentDdlType@7d098d28) replaced previous registration(org.hibernate.type.descriptor.sql.internal.CapacityDependentDdlType@7f7a35da)
2024-05-19T11:09:09.352-05:00 DEBUG 67976 --- [ecom] [restartedMain] o.h.t.d.sql.spi.DdlTypeRegistry          : addDescriptor(-3, org.hibernate.type.descriptor.sql.internal.CapacityDependentDdlType@64c74d0b) replaced previous registration(org.hibernate.type.descriptor.sql.internal.CapacityDependentDdlType@5584346c)
2024-05-19T11:09:09.352-05:00 DEBUG 67976 --- [ecom] [restartedMain] o.h.t.d.sql.spi.DdlTypeRegistry          : addDescriptor(4003, org.hibernate.type.descriptor.sql.internal.DdlTypeImpl@64558339) replaced previous registration(org.hibernate.type.descriptor.sql.internal.DdlTypeImpl@4aafbe8c)
2024-05-19T11:09:09.352-05:00 DEBUG 67976 --- [ecom] [restartedMain] o.h.t.d.sql.spi.DdlTypeRegistry          : addDescriptor(4001, org.hibernate.type.descriptor.sql.internal.DdlTypeImpl@14de0dc7) replaced previous registration(org.hibernate.type.descriptor.sql.internal.DdlTypeImpl@600d6c64)
2024-05-19T11:09:09.352-05:00 DEBUG 67976 --- [ecom] [restartedMain] o.h.t.d.sql.spi.DdlTypeRegistry          : addDescriptor(4002, org.hibernate.type.descriptor.sql.internal.DdlTypeImpl@28896717) replaced previous registration(org.hibernate.type.descriptor.sql.internal.DdlTypeImpl@1fe5f754)
2024-05-19T11:09:09.353-05:00 DEBUG 67976 --- [ecom] [restartedMain] o.h.t.d.sql.spi.DdlTypeRegistry          : addDescriptor(2004, org.hibernate.type.descriptor.sql.internal.CapacityDependentDdlType@7b31615a) replaced previous registration(org.hibernate.type.descriptor.sql.internal.DdlTypeImpl@70545c14)
2024-05-19T11:09:09.353-05:00 DEBUG 67976 --- [ecom] [restartedMain] o.h.t.d.sql.spi.DdlTypeRegistry          : addDescriptor(2005, org.hibernate.type.descriptor.sql.internal.CapacityDependentDdlType@13062cd6) replaced previous registration(org.hibernate.type.descriptor.sql.internal.DdlTypeImpl@23e926b5)
2024-05-19T11:09:09.353-05:00 DEBUG 67976 --- [ecom] [restartedMain] o.h.t.d.sql.spi.DdlTypeRegistry          : addDescriptor(2011, org.hibernate.type.descriptor.sql.internal.CapacityDependentDdlType@53a2b823) replaced previous registration(org.hibernate.type.descriptor.sql.internal.DdlTypeImpl@144eabf)
2024-05-19T11:09:09.795-05:00  INFO 67976 --- [ecom] [restartedMain] o.h.e.t.j.p.i.JtaPlatformInitiator       : HHH000489: No JTA platform available (set 'hibernate.transaction.jta.platform' to enable JTA platform integration)
2024-05-19T11:09:09.889-05:00  INFO 67976 --- [ecom] [restartedMain] j.LocalContainerEntityManagerFactoryBean : Initialized JPA EntityManagerFactory for persistence unit 'default'
2024-05-19T11:09:10.176-05:00 DEBUG 67976 --- [ecom] [restartedMain] c.example.ecom.filters.JwtRequestFilter  : Filter 'jwtRequestFilter' configured for use
2024-05-19T11:09:10.281-05:00 DEBUG 67976 --- [ecom] [restartedMain] org.hibernate.SQL                        : select u1_0.id,u1_0.email,u1_0.img,u1_0.name,u1_0.password,u1_0.role from users u1_0 where u1_0.role=?
2024-05-19T11:09:10.338-05:00  WARN 67976 --- [ecom] [restartedMain] JpaBaseConfiguration$JpaWebConfiguration : spring.jpa.open-in-view is enabled by default. Therefore, database queries may be performed during view rendering. Explicitly configure spring.jpa.open-in-view to disable this warning
2024-05-19T11:09:10.406-05:00  WARN 67976 --- [ecom] [restartedMain] ConfigServletWebServerApplicationContext : Exception encountered during context initialization - cancelling refresh attempt: org.springframework.beans.factory.BeanCreationException: Error creating bean with name 'org.springframework.security.config.annotation.web.configuration.WebSecurityConfiguration': Injection of autowired dependencies failed
2024-05-19T11:09:10.406-05:00  INFO 67976 --- [ecom] [restartedMain] j.LocalContainerEntityManagerFactoryBean : Closing JPA EntityManagerFactory for persistence unit 'default'
2024-05-19T11:09:10.408-05:00  INFO 67976 --- [ecom] [restartedMain] com.zaxxer.hikari.HikariDataSource       : HikariPool-1 - Shutdown initiated...
2024-05-19T11:09:10.413-05:00  INFO 67976 --- [ecom] [restartedMain] com.zaxxer.hikari.HikariDataSource       : HikariPool-1 - Shutdown completed.
2024-05-19T11:09:10.416-05:00  INFO 67976 --- [ecom] [restartedMain] o.apache.catalina.core.StandardService   : Stopping service [Tomcat]
2024-05-19T11:09:10.425-05:00  INFO 67976 --- [ecom] [restartedMain] .s.b.a.l.ConditionEvaluationReportLogger : 

Error starting ApplicationContext. To display the condition evaluation report re-run your application with 'debug' enabled.
2024-05-19T11:09:10.433-05:00 ERROR 67976 --- [ecom] [restartedMain] o.s.b.d.LoggingFailureAnalysisReporter   : 

***************************
APPLICATION FAILED TO START
***************************

Description:

Invalid mapping pattern detected:
/order/{{trackingId}}
        ^
Not allowed to nest variable captures

Action:

Fix this pattern in your application or switch to the legacy parser implementation with 'spring.mvc.pathmatch.matching-strategy=ant_path_matcher'.

2024-05-19T11:09:54.292-05:00  INFO 67990 --- [ecom] [restartedMain] com.example.ecom.EcomApplication         : Starting EcomApplication using Java 17.0.7 with PID 67990 (/Users/gautamjaganatha/Documents/E-Commerce Project/Backend/ecom-backend/target/classes started by gautamjaganatha in /Users/gautamjaganatha/Documents/E-Commerce Project/Backend/ecom-backend)
2024-05-19T11:09:54.293-05:00 DEBUG 67990 --- [ecom] [restartedMain] com.example.ecom.EcomApplication         : Running with Spring Boot v3.2.5, Spring v6.1.6
2024-05-19T11:09:54.294-05:00  INFO 67990 --- [ecom] [restartedMain] com.example.ecom.EcomApplication         : No active profile set, falling back to 1 default profile: "default"
2024-05-19T11:09:54.312-05:00  INFO 67990 --- [ecom] [restartedMain] .e.DevToolsPropertyDefaultsPostProcessor : Devtools property defaults active! Set 'spring.devtools.add-properties' to 'false' to disable
2024-05-19T11:09:54.312-05:00  INFO 67990 --- [ecom] [restartedMain] .e.DevToolsPropertyDefaultsPostProcessor : For additional web related logging consider setting the 'logging.level.web' property to 'DEBUG'
2024-05-19T11:09:54.584-05:00  INFO 67990 --- [ecom] [restartedMain] .s.d.r.c.RepositoryConfigurationDelegate : Bootstrapping Spring Data JPA repositories in DEFAULT mode.
2024-05-19T11:09:54.612-05:00  INFO 67990 --- [ecom] [restartedMain] .s.d.r.c.RepositoryConfigurationDelegate : Finished Spring Data repository scanning in 25 ms. Found 9 JPA repository interfaces.
2024-05-19T11:09:54.814-05:00  INFO 67990 --- [ecom] [restartedMain] o.s.b.w.embedded.tomcat.TomcatWebServer  : Tomcat initialized with port 6061 (http)
2024-05-19T11:09:54.818-05:00  INFO 67990 --- [ecom] [restartedMain] o.apache.catalina.core.StandardService   : Starting service [Tomcat]
2024-05-19T11:09:54.818-05:00  INFO 67990 --- [ecom] [restartedMain] o.apache.catalina.core.StandardEngine    : Starting Servlet engine: [Apache Tomcat/10.1.20]
2024-05-19T11:09:54.835-05:00  INFO 67990 --- [ecom] [restartedMain] o.a.c.c.C.[Tomcat].[localhost].[/]       : Initializing Spring embedded WebApplicationContext
2024-05-19T11:09:54.835-05:00  INFO 67990 --- [ecom] [restartedMain] w.s.c.ServletWebServerApplicationContext : Root WebApplicationContext: initialization completed in 523 ms
2024-05-19T11:09:54.888-05:00  INFO 67990 --- [ecom] [restartedMain] o.hibernate.jpa.internal.util.LogHelper  : HHH000204: Processing PersistenceUnitInfo [name: default]
2024-05-19T11:09:54.907-05:00  INFO 67990 --- [ecom] [restartedMain] org.hibernate.Version                    : HHH000412: Hibernate ORM core version 6.4.4.Final
2024-05-19T11:09:54.918-05:00  INFO 67990 --- [ecom] [restartedMain] o.h.c.internal.RegionFactoryInitiator    : HHH000026: Second-level cache disabled
2024-05-19T11:09:54.998-05:00  INFO 67990 --- [ecom] [restartedMain] o.s.o.j.p.SpringPersistenceUnitInfo      : No LoadTimeWeaver setup: ignoring JPA class transformer
2024-05-19T11:09:55.006-05:00  INFO 67990 --- [ecom] [restartedMain] com.zaxxer.hikari.HikariDataSource       : HikariPool-1 - Starting...
2024-05-19T11:09:55.131-05:00  INFO 67990 --- [ecom] [restartedMain] com.zaxxer.hikari.pool.HikariPool        : HikariPool-1 - Added connection com.mysql.cj.jdbc.ConnectionImpl@1fb68e
2024-05-19T11:09:55.132-05:00  INFO 67990 --- [ecom] [restartedMain] com.zaxxer.hikari.HikariDataSource       : HikariPool-1 - Start completed.
2024-05-19T11:09:55.161-05:00  WARN 67990 --- [ecom] [restartedMain] org.hibernate.orm.deprecation            : HHH90000025: MySQLDialect does not need to be specified explicitly using 'hibernate.dialect' (remove the property setting and it will be selected by default)
2024-05-19T11:09:55.168-05:00 DEBUG 67990 --- [ecom] [restartedMain] o.h.t.d.sql.spi.DdlTypeRegistry          : addDescriptor(12, org.hibernate.type.descriptor.sql.internal.CapacityDependentDdlType@44dbb968) replaced previous registration(org.hibernate.type.descriptor.sql.internal.CapacityDependentDdlType@2ad92486)
2024-05-19T11:09:55.168-05:00 DEBUG 67990 --- [ecom] [restartedMain] o.h.t.d.sql.spi.DdlTypeRegistry          : addDescriptor(-9, org.hibernate.type.descriptor.sql.internal.CapacityDependentDdlType@29c4b461) replaced previous registration(org.hibernate.type.descriptor.sql.internal.CapacityDependentDdlType@7706825b)
2024-05-19T11:09:55.168-05:00 DEBUG 67990 --- [ecom] [restartedMain] o.h.t.d.sql.spi.DdlTypeRegistry          : addDescriptor(-3, org.hibernate.type.descriptor.sql.internal.CapacityDependentDdlType@6e8f752a) replaced previous registration(org.hibernate.type.descriptor.sql.internal.CapacityDependentDdlType@d119169)
2024-05-19T11:09:55.168-05:00 DEBUG 67990 --- [ecom] [restartedMain] o.h.t.d.sql.spi.DdlTypeRegistry          : addDescriptor(4003, org.hibernate.type.descriptor.sql.internal.DdlTypeImpl@1fa4b16) replaced previous registration(org.hibernate.type.descriptor.sql.internal.DdlTypeImpl@422d1528)
2024-05-19T11:09:55.168-05:00 DEBUG 67990 --- [ecom] [restartedMain] o.h.t.d.sql.spi.DdlTypeRegistry          : addDescriptor(4001, org.hibernate.type.descriptor.sql.internal.DdlTypeImpl@571e1e62) replaced previous registration(org.hibernate.type.descriptor.sql.internal.DdlTypeImpl@56055731)
2024-05-19T11:09:55.168-05:00 DEBUG 67990 --- [ecom] [restartedMain] o.h.t.d.sql.spi.DdlTypeRegistry          : addDescriptor(4002, org.hibernate.type.descriptor.sql.internal.DdlTypeImpl@5f4141c) replaced previous registration(org.hibernate.type.descriptor.sql.internal.DdlTypeImpl@2f5ad5df)
2024-05-19T11:09:55.168-05:00 DEBUG 67990 --- [ecom] [restartedMain] o.h.t.d.sql.spi.DdlTypeRegistry          : addDescriptor(2004, org.hibernate.type.descriptor.sql.internal.CapacityDependentDdlType@8102358) replaced previous registration(org.hibernate.type.descriptor.sql.internal.DdlTypeImpl@745041b4)
2024-05-19T11:09:55.168-05:00 DEBUG 67990 --- [ecom] [restartedMain] o.h.t.d.sql.spi.DdlTypeRegistry          : addDescriptor(2005, org.hibernate.type.descriptor.sql.internal.CapacityDependentDdlType@5121ffd6) replaced previous registration(org.hibernate.type.descriptor.sql.internal.DdlTypeImpl@28ac3c00)
2024-05-19T11:09:55.168-05:00 DEBUG 67990 --- [ecom] [restartedMain] o.h.t.d.sql.spi.DdlTypeRegistry          : addDescriptor(2011, org.hibernate.type.descriptor.sql.internal.CapacityDependentDdlType@212fc0ae) replaced previous registration(org.hibernate.type.descriptor.sql.internal.DdlTypeImpl@570478de)
2024-05-19T11:09:55.524-05:00  INFO 67990 --- [ecom] [restartedMain] o.h.e.t.j.p.i.JtaPlatformInitiator       : HHH000489: No JTA platform available (set 'hibernate.transaction.jta.platform' to enable JTA platform integration)
2024-05-19T11:09:55.603-05:00  INFO 67990 --- [ecom] [restartedMain] j.LocalContainerEntityManagerFactoryBean : Initialized JPA EntityManagerFactory for persistence unit 'default'
2024-05-19T11:09:55.716-05:00 DEBUG 67990 --- [ecom] [restartedMain] c.example.ecom.filters.JwtRequestFilter  : Filter 'jwtRequestFilter' configured for use
2024-05-19T11:09:55.805-05:00 DEBUG 67990 --- [ecom] [restartedMain] org.hibernate.SQL                        : select u1_0.id,u1_0.email,u1_0.img,u1_0.name,u1_0.password,u1_0.role from users u1_0 where u1_0.role=?
2024-05-19T11:09:55.848-05:00  WARN 67990 --- [ecom] [restartedMain] JpaBaseConfiguration$JpaWebConfiguration : spring.jpa.open-in-view is enabled by default. Therefore, database queries may be performed during view rendering. Explicitly configure spring.jpa.open-in-view to disable this warning
2024-05-19T11:09:55.951-05:00  INFO 67990 --- [ecom] [restartedMain] o.s.s.web.DefaultSecurityFilterChain     : Will secure any request with [org.springframework.security.web.session.DisableEncodeUrlFilter@2ff80c90, org.springframework.security.web.context.request.async.WebAsyncManagerIntegrationFilter@383e120, org.springframework.security.web.context.SecurityContextHolderFilter@294a8009, org.springframework.security.web.header.HeaderWriterFilter@3f0f4fc5, org.springframework.web.filter.CorsFilter@5a0f5cf0, org.springframework.security.web.authentication.logout.LogoutFilter@690bd2ba, com.example.ecom.filters.JwtRequestFilter@794ae8fd, org.springframework.security.web.savedrequest.RequestCacheAwareFilter@31a9341a, org.springframework.security.web.servletapi.SecurityContextHolderAwareRequestFilter@9de5ea8, org.springframework.security.web.authentication.AnonymousAuthenticationFilter@1a45cb0c, org.springframework.security.web.session.SessionManagementFilter@797dad55, org.springframework.security.web.access.ExceptionTranslationFilter@2ee7daec, org.springframework.security.web.access.intercept.AuthorizationFilter@6da83ff0]
2024-05-19T11:09:56.033-05:00  INFO 67990 --- [ecom] [restartedMain] o.s.b.d.a.OptionalLiveReloadServer       : LiveReload server is running on port 35729
2024-05-19T11:09:56.053-05:00  INFO 67990 --- [ecom] [restartedMain] o.s.b.w.embedded.tomcat.TomcatWebServer  : Tomcat started on port 6061 (http) with context path ''
2024-05-19T11:09:56.057-05:00  INFO 67990 --- [ecom] [restartedMain] com.example.ecom.EcomApplication         : Started EcomApplication in 1.923 seconds (process running for 2.149)
2024-05-19T11:10:45.210-05:00  INFO 67990 --- [ecom] [http-nio-6061-exec-1] o.a.c.c.C.[Tomcat].[localhost].[/]       : Initializing Spring DispatcherServlet 'dispatcherServlet'
2024-05-19T11:10:45.211-05:00  INFO 67990 --- [ecom] [http-nio-6061-exec-1] o.s.web.servlet.DispatcherServlet        : Initializing Servlet 'dispatcherServlet'
2024-05-19T11:10:45.221-05:00  INFO 67990 --- [ecom] [http-nio-6061-exec-1] o.s.web.servlet.DispatcherServlet        : Completed initialization in 10 ms
2024-05-19T11:10:45.282-05:00 DEBUG 67990 --- [ecom] [http-nio-6061-exec-1] org.hibernate.SQL                        : select o1_0.id,o1_0.address,o1_0.amount,o1_0.coupon_id,o1_0.date,o1_0.discount,o1_0.order_description,o1_0.order_status,o1_0.payment,o1_0.total_amount,o1_0.tracking_id,o1_0.user_id from orders o1_0 where o1_0.tracking_id=?
2024-05-19T11:10:45.294-05:00 DEBUG 67990 --- [ecom] [http-nio-6061-exec-1] org.hibernate.SQL                        : select u1_0.id,u1_0.email,u1_0.img,u1_0.name,u1_0.password,u1_0.role from users u1_0 where u1_0.id=?
2024-05-19T11:14:00.680-05:00  INFO 67990 --- [ecom] [SpringApplicationShutdownHook] j.LocalContainerEntityManagerFactoryBean : Closing JPA EntityManagerFactory for persistence unit 'default'
2024-05-19T11:14:00.715-05:00  INFO 67990 --- [ecom] [SpringApplicationShutdownHook] com.zaxxer.hikari.HikariDataSource       : HikariPool-1 - Shutdown initiated...
2024-05-19T11:14:00.749-05:00  INFO 67990 --- [ecom] [SpringApplicationShutdownHook] com.zaxxer.hikari.HikariDataSource       : HikariPool-1 - Shutdown completed.
2024-05-19T11:14:03.977-05:00  INFO 68090 --- [ecom] [restartedMain] com.example.ecom.EcomApplication         : Starting EcomApplication using Java 17.0.7 with PID 68090 (/Users/gautamjaganatha/Documents/E-Commerce Project/Backend/ecom-backend/target/classes started by gautamjaganatha in /Users/gautamjaganatha/Documents/E-Commerce Project/Backend/ecom-backend)
2024-05-19T11:14:03.978-05:00 DEBUG 68090 --- [ecom] [restartedMain] com.example.ecom.EcomApplication         : Running with Spring Boot v3.2.5, Spring v6.1.6
2024-05-19T11:14:03.979-05:00  INFO 68090 --- [ecom] [restartedMain] com.example.ecom.EcomApplication         : No active profile set, falling back to 1 default profile: "default"
2024-05-19T11:14:03.997-05:00  INFO 68090 --- [ecom] [restartedMain] .e.DevToolsPropertyDefaultsPostProcessor : Devtools property defaults active! Set 'spring.devtools.add-properties' to 'false' to disable
2024-05-19T11:14:03.997-05:00  INFO 68090 --- [ecom] [restartedMain] .e.DevToolsPropertyDefaultsPostProcessor : For additional web related logging consider setting the 'logging.level.web' property to 'DEBUG'
2024-05-19T11:14:04.279-05:00  INFO 68090 --- [ecom] [restartedMain] .s.d.r.c.RepositoryConfigurationDelegate : Bootstrapping Spring Data JPA repositories in DEFAULT mode.
2024-05-19T11:14:04.310-05:00  INFO 68090 --- [ecom] [restartedMain] .s.d.r.c.RepositoryConfigurationDelegate : Finished Spring Data repository scanning in 27 ms. Found 9 JPA repository interfaces.
2024-05-19T11:14:04.529-05:00  INFO 68090 --- [ecom] [restartedMain] o.s.b.w.embedded.tomcat.TomcatWebServer  : Tomcat initialized with port 6061 (http)
2024-05-19T11:14:04.534-05:00  INFO 68090 --- [ecom] [restartedMain] o.apache.catalina.core.StandardService   : Starting service [Tomcat]
2024-05-19T11:14:04.534-05:00  INFO 68090 --- [ecom] [restartedMain] o.apache.catalina.core.StandardEngine    : Starting Servlet engine: [Apache Tomcat/10.1.20]
2024-05-19T11:14:04.551-05:00  INFO 68090 --- [ecom] [restartedMain] o.a.c.c.C.[Tomcat].[localhost].[/]       : Initializing Spring embedded WebApplicationContext
2024-05-19T11:14:04.552-05:00  INFO 68090 --- [ecom] [restartedMain] w.s.c.ServletWebServerApplicationContext : Root WebApplicationContext: initialization completed in 555 ms
2024-05-19T11:14:04.606-05:00  INFO 68090 --- [ecom] [restartedMain] o.hibernate.jpa.internal.util.LogHelper  : HHH000204: Processing PersistenceUnitInfo [name: default]
2024-05-19T11:14:04.630-05:00  INFO 68090 --- [ecom] [restartedMain] org.hibernate.Version                    : HHH000412: Hibernate ORM core version 6.4.4.Final
2024-05-19T11:14:04.644-05:00  INFO 68090 --- [ecom] [restartedMain] o.h.c.internal.RegionFactoryInitiator    : HHH000026: Second-level cache disabled
2024-05-19T11:14:04.739-05:00  INFO 68090 --- [ecom] [restartedMain] o.s.o.j.p.SpringPersistenceUnitInfo      : No LoadTimeWeaver setup: ignoring JPA class transformer
2024-05-19T11:14:04.758-05:00  INFO 68090 --- [ecom] [restartedMain] com.zaxxer.hikari.HikariDataSource       : HikariPool-1 - Starting...
2024-05-19T11:14:04.993-05:00  INFO 68090 --- [ecom] [restartedMain] com.zaxxer.hikari.pool.HikariPool        : HikariPool-1 - Added connection com.mysql.cj.jdbc.ConnectionImpl@6a470349
2024-05-19T11:14:04.994-05:00  INFO 68090 --- [ecom] [restartedMain] com.zaxxer.hikari.HikariDataSource       : HikariPool-1 - Start completed.
2024-05-19T11:14:05.034-05:00  WARN 68090 --- [ecom] [restartedMain] org.hibernate.orm.deprecation            : HHH90000025: MySQLDialect does not need to be specified explicitly using 'hibernate.dialect' (remove the property setting and it will be selected by default)
2024-05-19T11:14:05.042-05:00 DEBUG 68090 --- [ecom] [restartedMain] o.h.t.d.sql.spi.DdlTypeRegistry          : addDescriptor(12, org.hibernate.type.descriptor.sql.internal.CapacityDependentDdlType@526939ff) replaced previous registration(org.hibernate.type.descriptor.sql.internal.CapacityDependentDdlType@5bcd57e8)
2024-05-19T11:14:05.042-05:00 DEBUG 68090 --- [ecom] [restartedMain] o.h.t.d.sql.spi.DdlTypeRegistry          : addDescriptor(-9, org.hibernate.type.descriptor.sql.internal.CapacityDependentDdlType@7d098d28) replaced previous registration(org.hibernate.type.descriptor.sql.internal.CapacityDependentDdlType@7f7a35da)
2024-05-19T11:14:05.042-05:00 DEBUG 68090 --- [ecom] [restartedMain] o.h.t.d.sql.spi.DdlTypeRegistry          : addDescriptor(-3, org.hibernate.type.descriptor.sql.internal.CapacityDependentDdlType@64c74d0b) replaced previous registration(org.hibernate.type.descriptor.sql.internal.CapacityDependentDdlType@5584346c)
2024-05-19T11:14:05.042-05:00 DEBUG 68090 --- [ecom] [restartedMain] o.h.t.d.sql.spi.DdlTypeRegistry          : addDescriptor(4003, org.hibernate.type.descriptor.sql.internal.DdlTypeImpl@64558339) replaced previous registration(org.hibernate.type.descriptor.sql.internal.DdlTypeImpl@4aafbe8c)
2024-05-19T11:14:05.042-05:00 DEBUG 68090 --- [ecom] [restartedMain] o.h.t.d.sql.spi.DdlTypeRegistry          : addDescriptor(4001, org.hibernate.type.descriptor.sql.internal.DdlTypeImpl@14de0dc7) replaced previous registration(org.hibernate.type.descriptor.sql.internal.DdlTypeImpl@600d6c64)
2024-05-19T11:14:05.042-05:00 DEBUG 68090 --- [ecom] [restartedMain] o.h.t.d.sql.spi.DdlTypeRegistry          : addDescriptor(4002, org.hibernate.type.descriptor.sql.internal.DdlTypeImpl@28896717) replaced previous registration(org.hibernate.type.descriptor.sql.internal.DdlTypeImpl@1fe5f754)
2024-05-19T11:14:05.042-05:00 DEBUG 68090 --- [ecom] [restartedMain] o.h.t.d.sql.spi.DdlTypeRegistry          : addDescriptor(2004, org.hibernate.type.descriptor.sql.internal.CapacityDependentDdlType@7b31615a) replaced previous registration(org.hibernate.type.descriptor.sql.internal.DdlTypeImpl@70545c14)
2024-05-19T11:14:05.042-05:00 DEBUG 68090 --- [ecom] [restartedMain] o.h.t.d.sql.spi.DdlTypeRegistry          : addDescriptor(2005, org.hibernate.type.descriptor.sql.internal.CapacityDependentDdlType@13062cd6) replaced previous registration(org.hibernate.type.descriptor.sql.internal.DdlTypeImpl@23e926b5)
2024-05-19T11:14:05.042-05:00 DEBUG 68090 --- [ecom] [restartedMain] o.h.t.d.sql.spi.DdlTypeRegistry          : addDescriptor(2011, org.hibernate.type.descriptor.sql.internal.CapacityDependentDdlType@53a2b823) replaced previous registration(org.hibernate.type.descriptor.sql.internal.DdlTypeImpl@144eabf)
2024-05-19T11:14:05.545-05:00  INFO 68090 --- [ecom] [restartedMain] o.h.e.t.j.p.i.JtaPlatformInitiator       : HHH000489: No JTA platform available (set 'hibernate.transaction.jta.platform' to enable JTA platform integration)
2024-05-19T11:14:05.636-05:00  INFO 68090 --- [ecom] [restartedMain] j.LocalContainerEntityManagerFactoryBean : Initialized JPA EntityManagerFactory for persistence unit 'default'
2024-05-19T11:14:05.757-05:00 DEBUG 68090 --- [ecom] [restartedMain] c.example.ecom.filters.JwtRequestFilter  : Filter 'jwtRequestFilter' configured for use
2024-05-19T11:14:05.851-05:00 DEBUG 68090 --- [ecom] [restartedMain] org.hibernate.SQL                        : select u1_0.id,u1_0.email,u1_0.img,u1_0.name,u1_0.password,u1_0.role from users u1_0 where u1_0.role=?
2024-05-19T11:14:05.908-05:00  WARN 68090 --- [ecom] [restartedMain] JpaBaseConfiguration$JpaWebConfiguration : spring.jpa.open-in-view is enabled by default. Therefore, database queries may be performed during view rendering. Explicitly configure spring.jpa.open-in-view to disable this warning
2024-05-19T11:14:06.061-05:00  INFO 68090 --- [ecom] [restartedMain] o.s.s.web.DefaultSecurityFilterChain     : Will secure any request with [org.springframework.security.web.session.DisableEncodeUrlFilter@56a36a8, org.springframework.security.web.context.request.async.WebAsyncManagerIntegrationFilter@7d1bcbfb, org.springframework.security.web.context.SecurityContextHolderFilter@1a8ca15a, org.springframework.security.web.header.HeaderWriterFilter@6b22e7b4, org.springframework.web.filter.CorsFilter@64be1ee, org.springframework.security.web.authentication.logout.LogoutFilter@2e3227d2, com.example.ecom.filters.JwtRequestFilter@373373cb, org.springframework.security.web.savedrequest.RequestCacheAwareFilter@20ab91cd, org.springframework.security.web.servletapi.SecurityContextHolderAwareRequestFilter@485a58ca, org.springframework.security.web.authentication.AnonymousAuthenticationFilter@3c722f28, org.springframework.security.web.session.SessionManagementFilter@14de746c, org.springframework.security.web.access.ExceptionTranslationFilter@5701cc5f, org.springframework.security.web.access.intercept.AuthorizationFilter@31a9341a]
2024-05-19T11:14:06.156-05:00  INFO 68090 --- [ecom] [restartedMain] o.s.b.d.a.OptionalLiveReloadServer       : LiveReload server is running on port 35729
2024-05-19T11:14:06.174-05:00  INFO 68090 --- [ecom] [restartedMain] o.s.b.w.embedded.tomcat.TomcatWebServer  : Tomcat started on port 6061 (http) with context path ''
2024-05-19T11:14:06.178-05:00  INFO 68090 --- [ecom] [restartedMain] com.example.ecom.EcomApplication         : Started EcomApplication in 2.374 seconds (process running for 2.817)
2024-05-19T11:15:08.194-05:00  INFO 68090 --- [ecom] [SpringApplicationShutdownHook] j.LocalContainerEntityManagerFactoryBean : Closing JPA EntityManagerFactory for persistence unit 'default'
2024-05-19T11:15:08.226-05:00  INFO 68090 --- [ecom] [SpringApplicationShutdownHook] com.zaxxer.hikari.HikariDataSource       : HikariPool-1 - Shutdown initiated...
2024-05-19T11:15:08.239-05:00  INFO 68090 --- [ecom] [SpringApplicationShutdownHook] com.zaxxer.hikari.HikariDataSource       : HikariPool-1 - Shutdown completed.
2024-05-19T11:15:10.601-05:00  INFO 68105 --- [ecom] [restartedMain] com.example.ecom.EcomApplication         : Starting EcomApplication using Java 17.0.7 with PID 68105 (/Users/gautamjaganatha/Documents/E-Commerce Project/Backend/ecom-backend/target/classes started by gautamjaganatha in /Users/gautamjaganatha/Documents/E-Commerce Project/Backend/ecom-backend)
2024-05-19T11:15:10.601-05:00 DEBUG 68105 --- [ecom] [restartedMain] com.example.ecom.EcomApplication         : Running with Spring Boot v3.2.5, Spring v6.1.6
2024-05-19T11:15:10.602-05:00  INFO 68105 --- [ecom] [restartedMain] com.example.ecom.EcomApplication         : No active profile set, falling back to 1 default profile: "default"
2024-05-19T11:15:10.618-05:00  INFO 68105 --- [ecom] [restartedMain] .e.DevToolsPropertyDefaultsPostProcessor : Devtools property defaults active! Set 'spring.devtools.add-properties' to 'false' to disable
2024-05-19T11:15:10.618-05:00  INFO 68105 --- [ecom] [restartedMain] .e.DevToolsPropertyDefaultsPostProcessor : For additional web related logging consider setting the 'logging.level.web' property to 'DEBUG'
2024-05-19T11:15:10.884-05:00  INFO 68105 --- [ecom] [restartedMain] .s.d.r.c.RepositoryConfigurationDelegate : Bootstrapping Spring Data JPA repositories in DEFAULT mode.
2024-05-19T11:15:10.914-05:00  INFO 68105 --- [ecom] [restartedMain] .s.d.r.c.RepositoryConfigurationDelegate : Finished Spring Data repository scanning in 26 ms. Found 9 JPA repository interfaces.
2024-05-19T11:15:11.122-05:00  INFO 68105 --- [ecom] [restartedMain] o.s.b.w.embedded.tomcat.TomcatWebServer  : Tomcat initialized with port 6061 (http)
2024-05-19T11:15:11.127-05:00  INFO 68105 --- [ecom] [restartedMain] o.apache.catalina.core.StandardService   : Starting service [Tomcat]
2024-05-19T11:15:11.127-05:00  INFO 68105 --- [ecom] [restartedMain] o.apache.catalina.core.StandardEngine    : Starting Servlet engine: [Apache Tomcat/10.1.20]
2024-05-19T11:15:11.145-05:00  INFO 68105 --- [ecom] [restartedMain] o.a.c.c.C.[Tomcat].[localhost].[/]       : Initializing Spring embedded WebApplicationContext
2024-05-19T11:15:11.145-05:00  INFO 68105 --- [ecom] [restartedMain] w.s.c.ServletWebServerApplicationContext : Root WebApplicationContext: initialization completed in 526 ms
2024-05-19T11:15:11.196-05:00  INFO 68105 --- [ecom] [restartedMain] o.hibernate.jpa.internal.util.LogHelper  : HHH000204: Processing PersistenceUnitInfo [name: default]
2024-05-19T11:15:11.214-05:00  INFO 68105 --- [ecom] [restartedMain] org.hibernate.Version                    : HHH000412: Hibernate ORM core version 6.4.4.Final
2024-05-19T11:15:11.225-05:00  INFO 68105 --- [ecom] [restartedMain] o.h.c.internal.RegionFactoryInitiator    : HHH000026: Second-level cache disabled
2024-05-19T11:15:11.299-05:00  INFO 68105 --- [ecom] [restartedMain] o.s.o.j.p.SpringPersistenceUnitInfo      : No LoadTimeWeaver setup: ignoring JPA class transformer
2024-05-19T11:15:11.309-05:00  INFO 68105 --- [ecom] [restartedMain] com.zaxxer.hikari.HikariDataSource       : HikariPool-1 - Starting...
2024-05-19T11:15:11.437-05:00  INFO 68105 --- [ecom] [restartedMain] com.zaxxer.hikari.pool.HikariPool        : HikariPool-1 - Added connection com.mysql.cj.jdbc.ConnectionImpl@47bf646f
2024-05-19T11:15:11.438-05:00  INFO 68105 --- [ecom] [restartedMain] com.zaxxer.hikari.HikariDataSource       : HikariPool-1 - Start completed.
2024-05-19T11:15:11.465-05:00  WARN 68105 --- [ecom] [restartedMain] org.hibernate.orm.deprecation            : HHH90000025: MySQLDialect does not need to be specified explicitly using 'hibernate.dialect' (remove the property setting and it will be selected by default)
2024-05-19T11:15:11.472-05:00 DEBUG 68105 --- [ecom] [restartedMain] o.h.t.d.sql.spi.DdlTypeRegistry          : addDescriptor(12, org.hibernate.type.descriptor.sql.internal.CapacityDependentDdlType@4a675e1d) replaced previous registration(org.hibernate.type.descriptor.sql.internal.CapacityDependentDdlType@223e9230)
2024-05-19T11:15:11.472-05:00 DEBUG 68105 --- [ecom] [restartedMain] o.h.t.d.sql.spi.DdlTypeRegistry          : addDescriptor(-9, org.hibernate.type.descriptor.sql.internal.CapacityDependentDdlType@68e8a8f5) replaced previous registration(org.hibernate.type.descriptor.sql.internal.CapacityDependentDdlType@34f8ff14)
2024-05-19T11:15:11.472-05:00 DEBUG 68105 --- [ecom] [restartedMain] o.h.t.d.sql.spi.DdlTypeRegistry          : addDescriptor(-3, org.hibernate.type.descriptor.sql.internal.CapacityDependentDdlType@449fc820) replaced previous registration(org.hibernate.type.descriptor.sql.internal.CapacityDependentDdlType@12667d91)
2024-05-19T11:15:11.472-05:00 DEBUG 68105 --- [ecom] [restartedMain] o.h.t.d.sql.spi.DdlTypeRegistry          : addDescriptor(4003, org.hibernate.type.descriptor.sql.internal.DdlTypeImpl@3fe4d028) replaced previous registration(org.hibernate.type.descriptor.sql.internal.DdlTypeImpl@4c97889f)
2024-05-19T11:15:11.473-05:00 DEBUG 68105 --- [ecom] [restartedMain] o.h.t.d.sql.spi.DdlTypeRegistry          : addDescriptor(4001, org.hibernate.type.descriptor.sql.internal.DdlTypeImpl@76f397e5) replaced previous registration(org.hibernate.type.descriptor.sql.internal.DdlTypeImpl@5758f65f)
2024-05-19T11:15:11.473-05:00 DEBUG 68105 --- [ecom] [restartedMain] o.h.t.d.sql.spi.DdlTypeRegistry          : addDescriptor(4002, org.hibernate.type.descriptor.sql.internal.DdlTypeImpl@4e24190c) replaced previous registration(org.hibernate.type.descriptor.sql.internal.DdlTypeImpl@3e07a327)
2024-05-19T11:15:11.473-05:00 DEBUG 68105 --- [ecom] [restartedMain] o.h.t.d.sql.spi.DdlTypeRegistry          : addDescriptor(2004, org.hibernate.type.descriptor.sql.internal.CapacityDependentDdlType@542157bd) replaced previous registration(org.hibernate.type.descriptor.sql.internal.DdlTypeImpl@44dbb968)
2024-05-19T11:15:11.473-05:00 DEBUG 68105 --- [ecom] [restartedMain] o.h.t.d.sql.spi.DdlTypeRegistry          : addDescriptor(2005, org.hibernate.type.descriptor.sql.internal.CapacityDependentDdlType@2ad92486) replaced previous registration(org.hibernate.type.descriptor.sql.internal.DdlTypeImpl@29c4b461)
2024-05-19T11:15:11.473-05:00 DEBUG 68105 --- [ecom] [restartedMain] o.h.t.d.sql.spi.DdlTypeRegistry          : addDescriptor(2011, org.hibernate.type.descriptor.sql.internal.CapacityDependentDdlType@7706825b) replaced previous registration(org.hibernate.type.descriptor.sql.internal.DdlTypeImpl@6e8f752a)
2024-05-19T11:15:11.846-05:00  INFO 68105 --- [ecom] [restartedMain] o.h.e.t.j.p.i.JtaPlatformInitiator       : HHH000489: No JTA platform available (set 'hibernate.transaction.jta.platform' to enable JTA platform integration)
2024-05-19T11:15:11.923-05:00  INFO 68105 --- [ecom] [restartedMain] j.LocalContainerEntityManagerFactoryBean : Initialized JPA EntityManagerFactory for persistence unit 'default'
2024-05-19T11:15:12.042-05:00 DEBUG 68105 --- [ecom] [restartedMain] c.example.ecom.filters.JwtRequestFilter  : Filter 'jwtRequestFilter' configured for use
2024-05-19T11:15:12.136-05:00 DEBUG 68105 --- [ecom] [restartedMain] org.hibernate.SQL                        : select u1_0.id,u1_0.email,u1_0.img,u1_0.name,u1_0.password,u1_0.role from users u1_0 where u1_0.role=?
2024-05-19T11:15:12.179-05:00  WARN 68105 --- [ecom] [restartedMain] JpaBaseConfiguration$JpaWebConfiguration : spring.jpa.open-in-view is enabled by default. Therefore, database queries may be performed during view rendering. Explicitly configure spring.jpa.open-in-view to disable this warning
2024-05-19T11:15:12.278-05:00  INFO 68105 --- [ecom] [restartedMain] o.s.s.web.DefaultSecurityFilterChain     : Will secure any request with [org.springframework.security.web.session.DisableEncodeUrlFilter@6b81e8bd, org.springframework.security.web.context.request.async.WebAsyncManagerIntegrationFilter@57f6147e, org.springframework.security.web.context.SecurityContextHolderFilter@38bd2f47, org.springframework.security.web.header.HeaderWriterFilter@4fcfc4b7, org.springframework.web.filter.CorsFilter@6ef23459, org.springframework.security.web.authentication.logout.LogoutFilter@1eec6eaf, com.example.ecom.filters.JwtRequestFilter@27c4cf4f, org.springframework.security.web.savedrequest.RequestCacheAwareFilter@27f03738, org.springframework.security.web.servletapi.SecurityContextHolderAwareRequestFilter@de82e39, org.springframework.security.web.authentication.AnonymousAuthenticationFilter@71b982e8, org.springframework.security.web.session.SessionManagementFilter@5f293614, org.springframework.security.web.access.ExceptionTranslationFilter@61410468, org.springframework.security.web.access.intercept.AuthorizationFilter@43dfe299]
2024-05-19T11:15:12.347-05:00  INFO 68105 --- [ecom] [restartedMain] o.s.b.d.a.OptionalLiveReloadServer       : LiveReload server is running on port 35729
2024-05-19T11:15:12.365-05:00  INFO 68105 --- [ecom] [restartedMain] o.s.b.w.embedded.tomcat.TomcatWebServer  : Tomcat started on port 6061 (http) with context path ''
2024-05-19T11:15:12.370-05:00  INFO 68105 --- [ecom] [restartedMain] com.example.ecom.EcomApplication         : Started EcomApplication in 1.929 seconds (process running for 2.182)
2024-05-19T11:15:51.829-05:00  INFO 68105 --- [ecom] [http-nio-6061-exec-1] o.a.c.c.C.[Tomcat].[localhost].[/]       : Initializing Spring DispatcherServlet 'dispatcherServlet'
2024-05-19T11:15:51.843-05:00  INFO 68105 --- [ecom] [http-nio-6061-exec-1] o.s.web.servlet.DispatcherServlet        : Initializing Servlet 'dispatcherServlet'
2024-05-19T11:15:51.894-05:00  INFO 68105 --- [ecom] [http-nio-6061-exec-1] o.s.web.servlet.DispatcherServlet        : Completed initialization in 50 ms
2024-05-19T11:15:52.010-05:00 DEBUG 68105 --- [ecom] [http-nio-6061-exec-2] org.hibernate.SQL                        : select w1_0.id,w1_0.product_id,w1_0.user_id from wishlist w1_0 join users u1_0 on u1_0.id=w1_0.user_id where u1_0.id=?
2024-05-19T11:15:52.048-05:00 DEBUG 68105 --- [ecom] [http-nio-6061-exec-2] org.hibernate.SQL                        : select p1_0.id,p1_0.category_id,p1_0.description,p1_0.img,p1_0.name,p1_0.price from product p1_0 where p1_0.id=?
2024-05-19T11:16:34.555-05:00 DEBUG 68105 --- [ecom] [http-nio-6061-exec-4] org.hibernate.SQL                        : select w1_0.id,w1_0.product_id,w1_0.user_id from wishlist w1_0 join users u1_0 on u1_0.id=w1_0.user_id where u1_0.id=?
2024-05-19T11:16:34.589-05:00 DEBUG 68105 --- [ecom] [http-nio-6061-exec-4] org.hibernate.SQL                        : select p1_0.id,p1_0.category_id,p1_0.description,p1_0.img,p1_0.name,p1_0.price from product p1_0 where p1_0.id=?
2024-05-19T11:17:18.672-05:00 DEBUG 68105 --- [ecom] [http-nio-6061-exec-7] org.hibernate.SQL                        : select w1_0.id,w1_0.product_id,w1_0.user_id from wishlist w1_0 join users u1_0 on u1_0.id=w1_0.user_id where u1_0.id=?
2024-05-19T11:17:18.685-05:00 DEBUG 68105 --- [ecom] [http-nio-6061-exec-7] org.hibernate.SQL                        : select p1_0.id,p1_0.category_id,p1_0.description,p1_0.img,p1_0.name,p1_0.price from product p1_0 where p1_0.id=?
2024-05-19T11:19:57.471-05:00 DEBUG 68105 --- [ecom] [http-nio-6061-exec-10] org.hibernate.SQL                        : select w1_0.id,w1_0.product_id,w1_0.user_id from wishlist w1_0 join users u1_0 on u1_0.id=w1_0.user_id where u1_0.id=?
2024-05-19T11:19:57.480-05:00 DEBUG 68105 --- [ecom] [http-nio-6061-exec-10] org.hibernate.SQL                        : select p1_0.id,p1_0.category_id,p1_0.description,p1_0.img,p1_0.name,p1_0.price from product p1_0 where p1_0.id=?
2024-05-19T11:23:01.912-05:00 DEBUG 68105 --- [ecom] [http-nio-6061-exec-3] org.hibernate.SQL                        : select w1_0.id,w1_0.product_id,w1_0.user_id from wishlist w1_0 join users u1_0 on u1_0.id=w1_0.user_id where u1_0.id=?
2024-05-19T11:23:01.939-05:00 DEBUG 68105 --- [ecom] [http-nio-6061-exec-3] org.hibernate.SQL                        : select p1_0.id,p1_0.category_id,p1_0.description,p1_0.img,p1_0.name,p1_0.price from product p1_0 where p1_0.id=?
2024-05-19T11:29:27.447-05:00 DEBUG 68105 --- [ecom] [http-nio-6061-exec-5] org.hibernate.SQL                        : select w1_0.id,w1_0.product_id,w1_0.user_id from wishlist w1_0 join users u1_0 on u1_0.id=w1_0.user_id where u1_0.id=?
2024-05-19T11:29:27.514-05:00 DEBUG 68105 --- [ecom] [http-nio-6061-exec-5] org.hibernate.SQL                        : select p1_0.id,p1_0.category_id,p1_0.description,p1_0.img,p1_0.name,p1_0.price from product p1_0 where p1_0.id=?
2024-05-19T11:30:53.326-05:00 DEBUG 68105 --- [ecom] [http-nio-6061-exec-7] org.hibernate.SQL                        : select o1_0.id,o1_0.address,o1_0.amount,o1_0.coupon_id,o1_0.date,o1_0.discount,o1_0.order_description,o1_0.order_status,o1_0.payment,o1_0.total_amount,o1_0.tracking_id,o1_0.user_id from orders o1_0 where o1_0.tracking_id=?
2024-05-19T11:30:53.398-05:00 DEBUG 68105 --- [ecom] [http-nio-6061-exec-7] org.hibernate.SQL                        : select u1_0.id,u1_0.email,u1_0.img,u1_0.name,u1_0.password,u1_0.role from users u1_0 where u1_0.id=?
2024-05-19T11:31:42.615-05:00 DEBUG 68105 --- [ecom] [http-nio-6061-exec-9] org.hibernate.SQL                        : select o1_0.id,o1_0.address,o1_0.amount,o1_0.coupon_id,o1_0.date,o1_0.discount,o1_0.order_description,o1_0.order_status,o1_0.payment,o1_0.total_amount,o1_0.tracking_id,o1_0.user_id from orders o1_0 where o1_0.tracking_id=?
2024-05-19T11:31:42.634-05:00 DEBUG 68105 --- [ecom] [http-nio-6061-exec-9] org.hibernate.SQL                        : select u1_0.id,u1_0.email,u1_0.img,u1_0.name,u1_0.password,u1_0.role from users u1_0 where u1_0.id=?
2024-05-19T11:37:02.000-05:00 DEBUG 68105 --- [ecom] [http-nio-6061-exec-1] org.hibernate.SQL                        : select o1_0.id,o1_0.address,o1_0.amount,o1_0.coupon_id,o1_0.date,o1_0.discount,o1_0.order_description,o1_0.order_status,o1_0.payment,o1_0.total_amount,o1_0.tracking_id,o1_0.user_id from orders o1_0 where o1_0.tracking_id=?
2024-05-19T11:37:02.058-05:00 DEBUG 68105 --- [ecom] [http-nio-6061-exec-1] org.hibernate.SQL                        : select u1_0.id,u1_0.email,u1_0.img,u1_0.name,u1_0.password,u1_0.role from users u1_0 where u1_0.id=?
2024-05-19T12:07:11.681-05:00  INFO 68105 --- [ecom] [SpringApplicationShutdownHook] j.LocalContainerEntityManagerFactoryBean : Closing JPA EntityManagerFactory for persistence unit 'default'
2024-05-19T12:07:11.734-05:00  INFO 68105 --- [ecom] [SpringApplicationShutdownHook] com.zaxxer.hikari.HikariDataSource       : HikariPool-1 - Shutdown initiated...
2024-05-19T12:07:11.756-05:00  INFO 68105 --- [ecom] [SpringApplicationShutdownHook] com.zaxxer.hikari.HikariDataSource       : HikariPool-1 - Shutdown completed.
2024-05-19T12:07:14.152-05:00  INFO 69044 --- [ecom] [restartedMain] com.example.ecom.EcomApplication         : Starting EcomApplication using Java 17.0.7 with PID 69044 (/Users/gautamjaganatha/Documents/E-Commerce Project/Backend/ecom-backend/target/classes started by gautamjaganatha in /Users/gautamjaganatha/Documents/E-Commerce Project/Backend/ecom-backend)
2024-05-19T12:07:14.153-05:00 DEBUG 69044 --- [ecom] [restartedMain] com.example.ecom.EcomApplication         : Running with Spring Boot v3.2.5, Spring v6.1.6
2024-05-19T12:07:14.154-05:00  INFO 69044 --- [ecom] [restartedMain] com.example.ecom.EcomApplication         : No active profile set, falling back to 1 default profile: "default"
2024-05-19T12:07:14.179-05:00  INFO 69044 --- [ecom] [restartedMain] .e.DevToolsPropertyDefaultsPostProcessor : Devtools property defaults active! Set 'spring.devtools.add-properties' to 'false' to disable
2024-05-19T12:07:14.179-05:00  INFO 69044 --- [ecom] [restartedMain] .e.DevToolsPropertyDefaultsPostProcessor : For additional web related logging consider setting the 'logging.level.web' property to 'DEBUG'
2024-05-19T12:07:14.470-05:00  INFO 69044 --- [ecom] [restartedMain] .s.d.r.c.RepositoryConfigurationDelegate : Bootstrapping Spring Data JPA repositories in DEFAULT mode.
2024-05-19T12:07:14.500-05:00  INFO 69044 --- [ecom] [restartedMain] .s.d.r.c.RepositoryConfigurationDelegate : Finished Spring Data repository scanning in 27 ms. Found 9 JPA repository interfaces.
2024-05-19T12:07:14.723-05:00  INFO 69044 --- [ecom] [restartedMain] o.s.b.w.embedded.tomcat.TomcatWebServer  : Tomcat initialized with port 6061 (http)
2024-05-19T12:07:14.728-05:00  INFO 69044 --- [ecom] [restartedMain] o.apache.catalina.core.StandardService   : Starting service [Tomcat]
2024-05-19T12:07:14.728-05:00  INFO 69044 --- [ecom] [restartedMain] o.apache.catalina.core.StandardEngine    : Starting Servlet engine: [Apache Tomcat/10.1.20]
2024-05-19T12:07:14.745-05:00  INFO 69044 --- [ecom] [restartedMain] o.a.c.c.C.[Tomcat].[localhost].[/]       : Initializing Spring embedded WebApplicationContext
2024-05-19T12:07:14.746-05:00  INFO 69044 --- [ecom] [restartedMain] w.s.c.ServletWebServerApplicationContext : Root WebApplicationContext: initialization completed in 567 ms
2024-05-19T12:07:14.800-05:00  INFO 69044 --- [ecom] [restartedMain] o.hibernate.jpa.internal.util.LogHelper  : HHH000204: Processing PersistenceUnitInfo [name: default]
2024-05-19T12:07:14.826-05:00  INFO 69044 --- [ecom] [restartedMain] org.hibernate.Version                    : HHH000412: Hibernate ORM core version 6.4.4.Final
2024-05-19T12:07:14.844-05:00  INFO 69044 --- [ecom] [restartedMain] o.h.c.internal.RegionFactoryInitiator    : HHH000026: Second-level cache disabled
2024-05-19T12:07:14.935-05:00  INFO 69044 --- [ecom] [restartedMain] o.s.o.j.p.SpringPersistenceUnitInfo      : No LoadTimeWeaver setup: ignoring JPA class transformer
2024-05-19T12:07:14.948-05:00  INFO 69044 --- [ecom] [restartedMain] com.zaxxer.hikari.HikariDataSource       : HikariPool-1 - Starting...
2024-05-19T12:07:15.121-05:00  INFO 69044 --- [ecom] [restartedMain] com.zaxxer.hikari.pool.HikariPool        : HikariPool-1 - Added connection com.mysql.cj.jdbc.ConnectionImpl@583e5dbc
2024-05-19T12:07:15.122-05:00  INFO 69044 --- [ecom] [restartedMain] com.zaxxer.hikari.HikariDataSource       : HikariPool-1 - Start completed.
2024-05-19T12:07:15.164-05:00  WARN 69044 --- [ecom] [restartedMain] org.hibernate.orm.deprecation            : HHH90000025: MySQLDialect does not need to be specified explicitly using 'hibernate.dialect' (remove the property setting and it will be selected by default)
2024-05-19T12:07:15.172-05:00 DEBUG 69044 --- [ecom] [restartedMain] o.h.t.d.sql.spi.DdlTypeRegistry          : addDescriptor(12, org.hibernate.type.descriptor.sql.internal.CapacityDependentDdlType@64558339) replaced previous registration(org.hibernate.type.descriptor.sql.internal.CapacityDependentDdlType@4aafbe8c)
2024-05-19T12:07:15.172-05:00 DEBUG 69044 --- [ecom] [restartedMain] o.h.t.d.sql.spi.DdlTypeRegistry          : addDescriptor(-9, org.hibernate.type.descriptor.sql.internal.CapacityDependentDdlType@14de0dc7) replaced previous registration(org.hibernate.type.descriptor.sql.internal.CapacityDependentDdlType@600d6c64)
2024-05-19T12:07:15.172-05:00 DEBUG 69044 --- [ecom] [restartedMain] o.h.t.d.sql.spi.DdlTypeRegistry          : addDescriptor(-3, org.hibernate.type.descriptor.sql.internal.CapacityDependentDdlType@28896717) replaced previous registration(org.hibernate.type.descriptor.sql.internal.CapacityDependentDdlType@1fe5f754)
2024-05-19T12:07:15.172-05:00 DEBUG 69044 --- [ecom] [restartedMain] o.h.t.d.sql.spi.DdlTypeRegistry          : addDescriptor(4003, org.hibernate.type.descriptor.sql.internal.DdlTypeImpl@7b31615a) replaced previous registration(org.hibernate.type.descriptor.sql.internal.DdlTypeImpl@70545c14)
2024-05-19T12:07:15.172-05:00 DEBUG 69044 --- [ecom] [restartedMain] o.h.t.d.sql.spi.DdlTypeRegistry          : addDescriptor(4001, org.hibernate.type.descriptor.sql.internal.DdlTypeImpl@13062cd6) replaced previous registration(org.hibernate.type.descriptor.sql.internal.DdlTypeImpl@23e926b5)
2024-05-19T12:07:15.172-05:00 DEBUG 69044 --- [ecom] [restartedMain] o.h.t.d.sql.spi.DdlTypeRegistry          : addDescriptor(4002, org.hibernate.type.descriptor.sql.internal.DdlTypeImpl@53a2b823) replaced previous registration(org.hibernate.type.descriptor.sql.internal.DdlTypeImpl@144eabf)
2024-05-19T12:07:15.172-05:00 DEBUG 69044 --- [ecom] [restartedMain] o.h.t.d.sql.spi.DdlTypeRegistry          : addDescriptor(2004, org.hibernate.type.descriptor.sql.internal.CapacityDependentDdlType@230606dd) replaced previous registration(org.hibernate.type.descriptor.sql.internal.DdlTypeImpl@49304086)
2024-05-19T12:07:15.172-05:00 DEBUG 69044 --- [ecom] [restartedMain] o.h.t.d.sql.spi.DdlTypeRegistry          : addDescriptor(2005, org.hibernate.type.descriptor.sql.internal.CapacityDependentDdlType@f958a23) replaced previous registration(org.hibernate.type.descriptor.sql.internal.DdlTypeImpl@2922987c)
2024-05-19T12:07:15.172-05:00 DEBUG 69044 --- [ecom] [restartedMain] o.h.t.d.sql.spi.DdlTypeRegistry          : addDescriptor(2011, org.hibernate.type.descriptor.sql.internal.CapacityDependentDdlType@3a81436b) replaced previous registration(org.hibernate.type.descriptor.sql.internal.DdlTypeImpl@717e10cd)
2024-05-19T12:07:15.543-05:00  INFO 69044 --- [ecom] [restartedMain] o.h.e.t.j.p.i.JtaPlatformInitiator       : HHH000489: No JTA platform available (set 'hibernate.transaction.jta.platform' to enable JTA platform integration)
2024-05-19T12:07:15.668-05:00  INFO 69044 --- [ecom] [restartedMain] j.LocalContainerEntityManagerFactoryBean : Initialized JPA EntityManagerFactory for persistence unit 'default'
2024-05-19T12:07:15.785-05:00 DEBUG 69044 --- [ecom] [restartedMain] c.example.ecom.filters.JwtRequestFilter  : Filter 'jwtRequestFilter' configured for use
2024-05-19T12:07:15.873-05:00 DEBUG 69044 --- [ecom] [restartedMain] org.hibernate.SQL                        : select u1_0.id,u1_0.email,u1_0.img,u1_0.name,u1_0.password,u1_0.role from users u1_0 where u1_0.role=?
2024-05-19T12:07:15.917-05:00  WARN 69044 --- [ecom] [restartedMain] JpaBaseConfiguration$JpaWebConfiguration : spring.jpa.open-in-view is enabled by default. Therefore, database queries may be performed during view rendering. Explicitly configure spring.jpa.open-in-view to disable this warning
2024-05-19T12:07:16.034-05:00  INFO 69044 --- [ecom] [restartedMain] o.s.s.web.DefaultSecurityFilterChain     : Will secure any request with [org.springframework.security.web.session.DisableEncodeUrlFilter@395c3d50, org.springframework.security.web.context.request.async.WebAsyncManagerIntegrationFilter@7eab758f, org.springframework.security.web.context.SecurityContextHolderFilter@5fdbc156, org.springframework.security.web.header.HeaderWriterFilter@32084ce, org.springframework.web.filter.CorsFilter@1eec6eaf, org.springframework.security.web.authentication.logout.LogoutFilter@294a8009, com.example.ecom.filters.JwtRequestFilter@2d193ebc, org.springframework.security.web.savedrequest.RequestCacheAwareFilter@205eff05, org.springframework.security.web.servletapi.SecurityContextHolderAwareRequestFilter@11056dc5, org.springframework.security.web.authentication.AnonymousAuthenticationFilter@583c7a8, org.springframework.security.web.session.SessionManagementFilter@61410468, org.springframework.security.web.access.ExceptionTranslationFilter@560cff47, org.springframework.security.web.access.intercept.AuthorizationFilter@260c278b]
2024-05-19T12:07:16.106-05:00  INFO 69044 --- [ecom] [restartedMain] o.s.b.d.a.OptionalLiveReloadServer       : LiveReload server is running on port 35729
2024-05-19T12:07:16.123-05:00  INFO 69044 --- [ecom] [restartedMain] o.s.b.w.embedded.tomcat.TomcatWebServer  : Tomcat started on port 6061 (http) with context path ''
2024-05-19T12:07:16.127-05:00  INFO 69044 --- [ecom] [restartedMain] com.example.ecom.EcomApplication         : Started EcomApplication in 2.136 seconds (process running for 2.455)
2024-05-19T12:07:26.205-05:00  INFO 69044 --- [ecom] [http-nio-6061-exec-1] o.a.c.c.C.[Tomcat].[localhost].[/]       : Initializing Spring DispatcherServlet 'dispatcherServlet'
2024-05-19T12:07:26.206-05:00  INFO 69044 --- [ecom] [http-nio-6061-exec-1] o.s.web.servlet.DispatcherServlet        : Initializing Servlet 'dispatcherServlet'
2024-05-19T12:07:26.210-05:00  INFO 69044 --- [ecom] [http-nio-6061-exec-1] o.s.web.servlet.DispatcherServlet        : Completed initialization in 4 ms
2024-05-19T12:07:26.289-05:00 DEBUG 69044 --- [ecom] [http-nio-6061-exec-1] org.hibernate.SQL                        : select o1_0.id,o1_0.address,o1_0.amount,o1_0.coupon_id,o1_0.date,o1_0.discount,o1_0.order_description,o1_0.order_status,o1_0.payment,o1_0.total_amount,o1_0.tracking_id,o1_0.user_id from orders o1_0 where o1_0.date between ? and ? and o1_0.order_status=?
2024-05-19T12:07:26.323-05:00 DEBUG 69044 --- [ecom] [http-nio-6061-exec-1] org.hibernate.SQL                        : select u1_0.id,u1_0.email,u1_0.img,u1_0.name,u1_0.password,u1_0.role from users u1_0 where u1_0.id=?
2024-05-19T12:07:26.328-05:00 DEBUG 69044 --- [ecom] [http-nio-6061-exec-1] org.hibernate.SQL                        : select o1_0.id,o1_0.address,o1_0.amount,o1_0.coupon_id,o1_0.date,o1_0.discount,o1_0.order_description,o1_0.order_status,o1_0.payment,o1_0.total_amount,o1_0.tracking_id,o1_0.user_id from orders o1_0 where o1_0.date between ? and ? and o1_0.order_status=?
2024-05-19T12:07:26.332-05:00 DEBUG 69044 --- [ecom] [http-nio-6061-exec-1] org.hibernate.SQL                        : select o1_0.id,o1_0.address,o1_0.amount,o1_0.coupon_id,o1_0.date,o1_0.discount,o1_0.order_description,o1_0.order_status,o1_0.payment,o1_0.total_amount,o1_0.tracking_id,o1_0.user_id from orders o1_0 where o1_0.date between ? and ? and o1_0.order_status=?
2024-05-19T12:07:26.336-05:00 DEBUG 69044 --- [ecom] [http-nio-6061-exec-1] org.hibernate.SQL                        : select o1_0.id,o1_0.address,o1_0.amount,o1_0.coupon_id,o1_0.date,o1_0.discount,o1_0.order_description,o1_0.order_status,o1_0.payment,o1_0.total_amount,o1_0.tracking_id,o1_0.user_id from orders o1_0 where o1_0.date between ? and ? and o1_0.order_status=?
2024-05-19T12:07:26.339-05:00 DEBUG 69044 --- [ecom] [http-nio-6061-exec-1] org.hibernate.SQL                        : select count(o1_0.id) from orders o1_0 where o1_0.order_status=?
2024-05-19T12:07:26.341-05:00 DEBUG 69044 --- [ecom] [http-nio-6061-exec-1] org.hibernate.SQL                        : select count(o1_0.id) from orders o1_0 where o1_0.order_status=?
2024-05-19T12:07:26.343-05:00 DEBUG 69044 --- [ecom] [http-nio-6061-exec-1] org.hibernate.SQL                        : select count(o1_0.id) from orders o1_0 where o1_0.order_status=?
2024-05-19T12:31:38.915-05:00 DEBUG 69044 --- [ecom] [http-nio-6061-exec-3] org.hibernate.SQL                        : select u1_0.id,u1_0.email,u1_0.img,u1_0.name,u1_0.password,u1_0.role from users u1_0 where u1_0.email=? limit ?
2024-05-19T12:31:39.058-05:00 DEBUG 69044 --- [ecom] [http-nio-6061-exec-3] org.hibernate.SQL                        : select u1_0.id,u1_0.email,u1_0.img,u1_0.name,u1_0.password,u1_0.role from users u1_0 where u1_0.email=? limit ?
2024-05-19T12:31:39.065-05:00 DEBUG 69044 --- [ecom] [http-nio-6061-exec-3] org.hibernate.SQL                        : select u1_0.id,u1_0.email,u1_0.img,u1_0.name,u1_0.password,u1_0.role from users u1_0 where u1_0.email=? limit ?
2024-05-19T12:31:41.423-05:00 DEBUG 69044 --- [ecom] [http-nio-6061-exec-6] org.hibernate.SQL                        : select p1_0.id,p1_0.category_id,p1_0.description,p1_0.img,p1_0.name,p1_0.price from product p1_0
2024-05-19T12:31:41.518-05:00 DEBUG 69044 --- [ecom] [http-nio-6061-exec-6] org.hibernate.SQL                        : select c1_0.id,c1_0.description,c1_0.name from category c1_0 where c1_0.id=?
2024-05-19T12:31:41.529-05:00 DEBUG 69044 --- [ecom] [http-nio-6061-exec-6] org.hibernate.SQL                        : select c1_0.id,c1_0.description,c1_0.name from category c1_0 where c1_0.id=?
2024-05-19T12:31:45.615-05:00 DEBUG 69044 --- [ecom] [http-nio-6061-exec-9] org.hibernate.SQL                        : select o1_0.id,o1_0.address,o1_0.amount,o1_0.coupon_id,o1_0.date,o1_0.discount,o1_0.order_description,o1_0.order_status,o1_0.payment,o1_0.total_amount,o1_0.tracking_id,o1_0.user_id from orders o1_0 where o1_0.date between ? and ? and o1_0.order_status=?
2024-05-19T12:31:45.623-05:00 DEBUG 69044 --- [ecom] [http-nio-6061-exec-9] org.hibernate.SQL                        : select u1_0.id,u1_0.email,u1_0.img,u1_0.name,u1_0.password,u1_0.role from users u1_0 where u1_0.id=?
2024-05-19T12:31:45.628-05:00 DEBUG 69044 --- [ecom] [http-nio-6061-exec-9] org.hibernate.SQL                        : select o1_0.id,o1_0.address,o1_0.amount,o1_0.coupon_id,o1_0.date,o1_0.discount,o1_0.order_description,o1_0.order_status,o1_0.payment,o1_0.total_amount,o1_0.tracking_id,o1_0.user_id from orders o1_0 where o1_0.date between ? and ? and o1_0.order_status=?
2024-05-19T12:31:45.632-05:00 DEBUG 69044 --- [ecom] [http-nio-6061-exec-9] org.hibernate.SQL                        : select o1_0.id,o1_0.address,o1_0.amount,o1_0.coupon_id,o1_0.date,o1_0.discount,o1_0.order_description,o1_0.order_status,o1_0.payment,o1_0.total_amount,o1_0.tracking_id,o1_0.user_id from orders o1_0 where o1_0.date between ? and ? and o1_0.order_status=?
2024-05-19T12:31:45.637-05:00 DEBUG 69044 --- [ecom] [http-nio-6061-exec-9] org.hibernate.SQL                        : select o1_0.id,o1_0.address,o1_0.amount,o1_0.coupon_id,o1_0.date,o1_0.discount,o1_0.order_description,o1_0.order_status,o1_0.payment,o1_0.total_amount,o1_0.tracking_id,o1_0.user_id from orders o1_0 where o1_0.date between ? and ? and o1_0.order_status=?
2024-05-19T12:31:45.641-05:00 DEBUG 69044 --- [ecom] [http-nio-6061-exec-9] org.hibernate.SQL                        : select count(o1_0.id) from orders o1_0 where o1_0.order_status=?
2024-05-19T12:31:45.644-05:00 DEBUG 69044 --- [ecom] [http-nio-6061-exec-9] org.hibernate.SQL                        : select count(o1_0.id) from orders o1_0 where o1_0.order_status=?
2024-05-19T12:31:45.646-05:00 DEBUG 69044 --- [ecom] [http-nio-6061-exec-9] org.hibernate.SQL                        : select count(o1_0.id) from orders o1_0 where o1_0.order_status=?
2024-05-19T12:59:00.183-05:00 DEBUG 69044 --- [ecom] [http-nio-6061-exec-3] org.hibernate.SQL                        : select o1_0.id,o1_0.address,o1_0.amount,o1_0.coupon_id,o1_0.date,o1_0.discount,o1_0.order_description,o1_0.order_status,o1_0.payment,o1_0.total_amount,o1_0.tracking_id,o1_0.user_id from orders o1_0 where o1_0.date between ? and ? and o1_0.order_status=?
2024-05-19T12:59:00.290-05:00 DEBUG 69044 --- [ecom] [http-nio-6061-exec-3] org.hibernate.SQL                        : select u1_0.id,u1_0.email,u1_0.img,u1_0.name,u1_0.password,u1_0.role from users u1_0 where u1_0.id=?
2024-05-19T12:59:00.302-05:00 DEBUG 69044 --- [ecom] [http-nio-6061-exec-3] org.hibernate.SQL                        : select o1_0.id,o1_0.address,o1_0.amount,o1_0.coupon_id,o1_0.date,o1_0.discount,o1_0.order_description,o1_0.order_status,o1_0.payment,o1_0.total_amount,o1_0.tracking_id,o1_0.user_id from orders o1_0 where o1_0.date between ? and ? and o1_0.order_status=?
2024-05-19T12:59:00.304-05:00 DEBUG 69044 --- [ecom] [http-nio-6061-exec-3] org.hibernate.SQL                        : select o1_0.id,o1_0.address,o1_0.amount,o1_0.coupon_id,o1_0.date,o1_0.discount,o1_0.order_description,o1_0.order_status,o1_0.payment,o1_0.total_amount,o1_0.tracking_id,o1_0.user_id from orders o1_0 where o1_0.date between ? and ? and o1_0.order_status=?
2024-05-19T12:59:00.306-05:00 DEBUG 69044 --- [ecom] [http-nio-6061-exec-3] org.hibernate.SQL                        : select o1_0.id,o1_0.address,o1_0.amount,o1_0.coupon_id,o1_0.date,o1_0.discount,o1_0.order_description,o1_0.order_status,o1_0.payment,o1_0.total_amount,o1_0.tracking_id,o1_0.user_id from orders o1_0 where o1_0.date between ? and ? and o1_0.order_status=?
2024-05-19T12:59:00.308-05:00 DEBUG 69044 --- [ecom] [http-nio-6061-exec-3] org.hibernate.SQL                        : select count(o1_0.id) from orders o1_0 where o1_0.order_status=?
2024-05-19T12:59:00.311-05:00 DEBUG 69044 --- [ecom] [http-nio-6061-exec-3] org.hibernate.SQL                        : select count(o1_0.id) from orders o1_0 where o1_0.order_status=?
2024-05-19T12:59:00.311-05:00 DEBUG 69044 --- [ecom] [http-nio-6061-exec-3] org.hibernate.SQL                        : select count(o1_0.id) from orders o1_0 where o1_0.order_status=?
2024-05-19T12:59:39.705-05:00 DEBUG 69044 --- [ecom] [http-nio-6061-exec-6] org.hibernate.SQL                        : select o1_0.id,o1_0.address,o1_0.amount,o1_0.coupon_id,o1_0.date,o1_0.discount,o1_0.order_description,o1_0.order_status,o1_0.payment,o1_0.total_amount,o1_0.tracking_id,o1_0.user_id from orders o1_0 where o1_0.date between ? and ? and o1_0.order_status=?
2024-05-19T12:59:39.722-05:00 DEBUG 69044 --- [ecom] [http-nio-6061-exec-6] org.hibernate.SQL                        : select u1_0.id,u1_0.email,u1_0.img,u1_0.name,u1_0.password,u1_0.role from users u1_0 where u1_0.id=?
2024-05-19T12:59:39.727-05:00 DEBUG 69044 --- [ecom] [http-nio-6061-exec-6] org.hibernate.SQL                        : select o1_0.id,o1_0.address,o1_0.amount,o1_0.coupon_id,o1_0.date,o1_0.discount,o1_0.order_description,o1_0.order_status,o1_0.payment,o1_0.total_amount,o1_0.tracking_id,o1_0.user_id from orders o1_0 where o1_0.date between ? and ? and o1_0.order_status=?
2024-05-19T12:59:39.730-05:00 DEBUG 69044 --- [ecom] [http-nio-6061-exec-6] org.hibernate.SQL                        : select o1_0.id,o1_0.address,o1_0.amount,o1_0.coupon_id,o1_0.date,o1_0.discount,o1_0.order_description,o1_0.order_status,o1_0.payment,o1_0.total_amount,o1_0.tracking_id,o1_0.user_id from orders o1_0 where o1_0.date between ? and ? and o1_0.order_status=?
2024-05-19T12:59:39.732-05:00 DEBUG 69044 --- [ecom] [http-nio-6061-exec-6] org.hibernate.SQL                        : select o1_0.id,o1_0.address,o1_0.amount,o1_0.coupon_id,o1_0.date,o1_0.discount,o1_0.order_description,o1_0.order_status,o1_0.payment,o1_0.total_amount,o1_0.tracking_id,o1_0.user_id from orders o1_0 where o1_0.date between ? and ? and o1_0.order_status=?
2024-05-19T12:59:39.734-05:00 DEBUG 69044 --- [ecom] [http-nio-6061-exec-6] org.hibernate.SQL                        : select count(o1_0.id) from orders o1_0 where o1_0.order_status=?
2024-05-19T12:59:39.735-05:00 DEBUG 69044 --- [ecom] [http-nio-6061-exec-6] org.hibernate.SQL                        : select count(o1_0.id) from orders o1_0 where o1_0.order_status=?
2024-05-19T12:59:39.736-05:00 DEBUG 69044 --- [ecom] [http-nio-6061-exec-6] org.hibernate.SQL                        : select count(o1_0.id) from orders o1_0 where o1_0.order_status=?
